<?xml version="1.0" encoding="UTF-8"?>
<!-- Generated by org.testng.reporters.JUnitReportReporter -->
<testsuite hostname="jonsunliu-NB0" name="cn.com.gf.demo.tests.BookManageTest" tests="6" failures="0" timestamp="24 Apr 2017 10:38:19 GMT" time="182.038" errors="0">
  <testcase name="UpdateIdNotExistTest" time="31.398" classname="cn.com.gf.demo.tests.BookManageTest"/>
  <testcase name="DeleteTest" time="37.810" classname="cn.com.gf.demo.tests.BookManageTest"/>
  <testcase name="createBookResetTest" time="18.948" classname="cn.com.gf.demo.tests.BookManageTest"/>
  <testcase name="createBookTest" time="34.869" classname="cn.com.gf.demo.tests.BookManageTest"/>
  <testcase name="createDuplicateTest" time="22.283" classname="cn.com.gf.demo.tests.BookManageTest"/>
  <testcase name="UpdateTest" time="36.730" classname="cn.com.gf.demo.tests.BookManageTest"/>
</testsuite> <!-- cn.com.gf.demo.tests.BookManageTest -->
